This is pdfTeX, Version 3.14159265-2.6-1.40.17 (TeX Live 2016) (preloaded format=pdflatex 2016.5.22)  9 NOV 2016 13:24
entering extended mode
 restricted \write18 enabled.
 %&-line parsing enabled.
**RASD.tex
(./RASD.tex
LaTeX2e <2016/03/31>
Babel <3.9r> and hyphenation patterns for 83 language(s) loaded.
(/usr/local/texlive/2016/texmf-dist/tex/latex/base/article.cls
Document Class: article 2014/09/29 v1.4h Standard LaTeX document class
(/usr/local/texlive/2016/texmf-dist/tex/latex/base/size12.clo
File: size12.clo 2014/09/29 v1.4h Standard LaTeX file (size option)
)
\c@part=\count79
\c@section=\count80
\c@subsection=\count81
\c@subsubsection=\count82
\c@paragraph=\count83
\c@subparagraph=\count84
\c@figure=\count85
\c@table=\count86
\abovecaptionskip=\skip41
\belowcaptionskip=\skip42
\bibindent=\dimen102
)
(/usr/local/texlive/2016/texmf-dist/tex/latex/psnfss/mathpazo.sty
Package: mathpazo 2005/04/12 PSNFSS-v9.2a Palatino w/ Pazo Math (D.Puga, WaS) 
\symupright=\mathgroup4
)
(/usr/local/texlive/2016/texmf-dist/tex/latex/graphics/graphicx.sty
Package: graphicx 2014/10/28 v1.0g Enhanced LaTeX Graphics (DPC,SPQR)

(/usr/local/texlive/2016/texmf-dist/tex/latex/graphics/keyval.sty
Package: keyval 2014/10/28 v1.15 key=value parser (DPC)
\KV@toks@=\toks14
)
(/usr/local/texlive/2016/texmf-dist/tex/latex/graphics/graphics.sty
Package: graphics 2016/05/09 v1.0r Standard LaTeX Graphics (DPC,SPQR)

(/usr/local/texlive/2016/texmf-dist/tex/latex/graphics/trig.sty
Package: trig 2016/01/03 v1.10 sin cos tan (DPC)
)
(/usr/local/texlive/2016/texmf-dist/tex/latex/graphics-cfg/graphics.cfg
File: graphics.cfg 2016/01/02 v1.10 sample graphics configuration
)
Package graphics Info: Driver file: pdftex.def on input line 96.

(/usr/local/texlive/2016/texmf-dist/tex/latex/pdftex-def/pdftex.def
File: pdftex.def 2011/05/27 v0.06d Graphics/color for pdfTeX

(/usr/local/texlive/2016/texmf-dist/tex/generic/oberdiek/infwarerr.sty
Package: infwarerr 2016/05/16 v1.4 Providing info/warning/error messages (HO)
)
(/usr/local/texlive/2016/texmf-dist/tex/generic/oberdiek/ltxcmds.sty
Package: ltxcmds 2016/05/16 v1.23 LaTeX kernel commands for general use (HO)
)
\Gread@gobject=\count87
))
\Gin@req@height=\dimen103
\Gin@req@width=\dimen104
)
(/usr/local/texlive/2016/texmf-dist/tex/latex/titlesec/titlesec.sty
Package: titlesec 2016/03/21 v2.10.2 Sectioning titles
\ttl@box=\box26
\beforetitleunit=\skip43
\aftertitleunit=\skip44
\ttl@plus=\dimen105
\ttl@minus=\dimen106
\ttl@toksa=\toks15
\titlewidth=\dimen107
\titlewidthlast=\dimen108
\titlewidthfirst=\dimen109
)
(/usr/local/texlive/2016/texmf-dist/tex/latex/hyperref/hyperref.sty
Package: hyperref 2016/05/05 v6.83n Hypertext links for LaTeX

(/usr/local/texlive/2016/texmf-dist/tex/generic/oberdiek/hobsub-hyperref.sty
Package: hobsub-hyperref 2016/05/16 v1.14 Bundle oberdiek, subset hyperref (HO)


(/usr/local/texlive/2016/texmf-dist/tex/generic/oberdiek/hobsub-generic.sty
Package: hobsub-generic 2016/05/16 v1.14 Bundle oberdiek, subset generic (HO)
Package: hobsub 2016/05/16 v1.14 Construct package bundles (HO)
Package hobsub Info: Skipping package `infwarerr' (already loaded).
Package hobsub Info: Skipping package `ltxcmds' (already loaded).
Package: ifluatex 2016/05/16 v1.4 Provides the ifluatex switch (HO)
Package ifluatex Info: LuaTeX not detected.
Package: ifvtex 2016/05/16 v1.6 Detect VTeX and its facilities (HO)
Package ifvtex Info: VTeX not detected.
Package: intcalc 2016/05/16 v1.2 Expandable calculations with integers (HO)
Package: ifpdf 2016/05/14 v3.1 Provides the ifpdf switch
Package: etexcmds 2016/05/16 v1.6 Avoid name clashes with e-TeX commands (HO)
Package etexcmds Info: Could not find \expanded.
(etexcmds)             That can mean that you are not using pdfTeX 1.50 or
(etexcmds)             that some package has redefined \expanded.
(etexcmds)             In the latter case, load this package earlier.
Package: kvsetkeys 2016/05/16 v1.17 Key value parser (HO)
Package: kvdefinekeys 2016/05/16 v1.4 Define keys (HO)
Package: pdftexcmds 2016/05/10 v0.21 Utility functions of pdfTeX for LuaTeX (HO
)
Package pdftexcmds Info: LuaTeX not detected.
Package pdftexcmds Info: \pdf@primitive is available.
Package pdftexcmds Info: \pdf@ifprimitive is available.
Package pdftexcmds Info: \pdfdraftmode found.
Package: pdfescape 2016/05/16 v1.14 Implements pdfTeX's escape features (HO)
Package: bigintcalc 2016/05/16 v1.4 Expandable calculations on big integers (HO
)
Package: bitset 2016/05/16 v1.2 Handle bit-vector datatype (HO)
Package: uniquecounter 2016/05/16 v1.3 Provide unlimited unique counter (HO)
)
Package hobsub Info: Skipping package `hobsub' (already loaded).
Package: letltxmacro 2016/05/16 v1.5 Let assignment for LaTeX macros (HO)
Package: hopatch 2016/05/16 v1.3 Wrapper for package hooks (HO)
Package: xcolor-patch 2016/05/16 xcolor patch
Package: atveryend 2016/05/16 v1.9 Hooks at the very end of document (HO)
Package atveryend Info: \enddocument detected (standard20110627).
Package: atbegshi 2016/05/16 v1.17 At begin shipout hook (HO)
Package: refcount 2016/05/16 v3.5 Data extraction from label references (HO)
Package: hycolor 2016/05/16 v1.8 Color options for hyperref/bookmark (HO)
)
(/usr/local/texlive/2016/texmf-dist/tex/generic/ifxetex/ifxetex.sty
Package: ifxetex 2010/09/12 v0.6 Provides ifxetex conditional
)
(/usr/local/texlive/2016/texmf-dist/tex/latex/oberdiek/auxhook.sty
Package: auxhook 2016/05/16 v1.4 Hooks for auxiliary files (HO)
)
(/usr/local/texlive/2016/texmf-dist/tex/latex/oberdiek/kvoptions.sty
Package: kvoptions 2016/05/16 v3.12 Key value format for package options (HO)
)
\@linkdim=\dimen110
\Hy@linkcounter=\count88
\Hy@pagecounter=\count89

(/usr/local/texlive/2016/texmf-dist/tex/latex/hyperref/pd1enc.def
File: pd1enc.def 2016/05/05 v6.83n Hyperref: PDFDocEncoding definition (HO)
)
\Hy@SavedSpaceFactor=\count90

(/usr/local/texlive/2016/texmf-dist/tex/latex/latexconfig/hyperref.cfg
File: hyperref.cfg 2002/06/06 v1.2 hyperref configuration of TeXLive
)
Package hyperref Info: Hyper figures OFF on input line 4446.
Package hyperref Info: Link nesting OFF on input line 4451.
Package hyperref Info: Hyper index ON on input line 4454.
Package hyperref Info: Plain pages OFF on input line 4461.
Package hyperref Info: Backreferencing OFF on input line 4466.
Package hyperref Info: Implicit mode ON; LaTeX internals redefined.
Package hyperref Info: Bookmarks ON on input line 4691.
\c@Hy@tempcnt=\count91

(/usr/local/texlive/2016/texmf-dist/tex/latex/url/url.sty
\Urlmuskip=\muskip10
Package: url 2013/09/16  ver 3.4  Verb mode for urls, etc.
)
LaTeX Info: Redefining \url on input line 5044.
\XeTeXLinkMargin=\dimen111
\Fld@menulength=\count92
\Field@Width=\dimen112
\Fld@charsize=\dimen113
Package hyperref Info: Hyper figures OFF on input line 6298.
Package hyperref Info: Link nesting OFF on input line 6303.
Package hyperref Info: Hyper index ON on input line 6306.
Package hyperref Info: backreferencing OFF on input line 6313.
Package hyperref Info: Link coloring OFF on input line 6318.
Package hyperref Info: Link coloring with OCG OFF on input line 6323.
Package hyperref Info: PDF/A mode OFF on input line 6328.
LaTeX Info: Redefining \ref on input line 6368.
LaTeX Info: Redefining \pageref on input line 6372.
\Hy@abspage=\count93
\c@Item=\count94
\c@Hfootnote=\count95
)

Package hyperref Message: Driver (autodetected): hpdftex.

(/usr/local/texlive/2016/texmf-dist/tex/latex/hyperref/hpdftex.def
File: hpdftex.def 2016/05/05 v6.83n Hyperref driver for pdfTeX
\Fld@listcount=\count96
\c@bookmark@seq@number=\count97

(/usr/local/texlive/2016/texmf-dist/tex/latex/oberdiek/rerunfilecheck.sty
Package: rerunfilecheck 2016/05/16 v1.8 Rerun checks for auxiliary files (HO)
Package uniquecounter Info: New unique counter `rerunfilecheck' on input line 2
82.
)
\Hy@SectionHShift=\skip45
)
(/usr/local/texlive/2016/texmf-dist/tex/latex/xcolor/xcolor.sty
Package: xcolor 2016/05/11 v2.12 LaTeX color extensions (UK)

(/usr/local/texlive/2016/texmf-dist/tex/latex/graphics-cfg/color.cfg
File: color.cfg 2016/01/02 v1.6 sample color configuration
)
Package xcolor Info: Driver file: pdftex.def on input line 225.
Package xcolor Info: Model `cmy' substituted by `cmy0' on input line 1348.
Package xcolor Info: Model `hsb' substituted by `rgb' on input line 1352.
Package xcolor Info: Model `RGB' extended on input line 1364.
Package xcolor Info: Model `HTML' substituted by `rgb' on input line 1366.
Package xcolor Info: Model `Hsb' substituted by `hsb' on input line 1367.
Package xcolor Info: Model `tHsb' substituted by `hsb' on input line 1368.
Package xcolor Info: Model `HSB' substituted by `hsb' on input line 1369.
Package xcolor Info: Model `Gray' substituted by `gray' on input line 1370.
Package xcolor Info: Model `wave' substituted by `hsb' on input line 1371.
)
(/usr/local/texlive/2016/texmf-dist/tex/latex/adjustbox/adjustbox.sty
Package: adjustbox 2012/05/21 v1.0 Adjusting TeX boxes (trim, clip, ...)

(/usr/local/texlive/2016/texmf-dist/tex/latex/xkeyval/xkeyval.sty
Package: xkeyval 2014/12/03 v2.7a package option processing (HA)

(/usr/local/texlive/2016/texmf-dist/tex/generic/xkeyval/xkeyval.tex
(/usr/local/texlive/2016/texmf-dist/tex/generic/xkeyval/xkvutils.tex
\XKV@toks=\toks16
\XKV@tempa@toks=\toks17
)
\XKV@depth=\count98
File: xkeyval.tex 2014/12/03 v2.7a key=value parser (HA)
))
(/usr/local/texlive/2016/texmf-dist/tex/latex/adjustbox/adjcalc.sty
Package: adjcalc 2012/05/16 v1.1 Provides advanced setlength with multiple back
-ends (calc, etex, pgfmath)
)
(/usr/local/texlive/2016/texmf-dist/tex/latex/adjustbox/trimclip.sty
Package: trimclip 2012/05/16 v1.0 Trim and clip general TeX material

(/usr/local/texlive/2016/texmf-dist/tex/latex/collectbox/collectbox.sty
Package: collectbox 2012/05/17 v0.4b Collect macro arguments as boxes
\collectedbox=\box27
)
\tc@llx=\dimen114
\tc@lly=\dimen115
\tc@urx=\dimen116
\tc@ury=\dimen117
Package trimclip Info: Using driver 'tc-pdftex.def'.

(/usr/local/texlive/2016/texmf-dist/tex/latex/adjustbox/tc-pdftex.def
File: tc-pdftex.def 2012/05/13 v1.0 Clipping driver for pdftex
))
\adjbox@Width=\dimen118
\adjbox@Height=\dimen119
\adjbox@Depth=\dimen120
\adjbox@Totalheight=\dimen121

(/usr/local/texlive/2016/texmf-dist/tex/latex/ifoddpage/ifoddpage.sty
Package: ifoddpage 2016/04/23 v1.1 Conditionals for odd/even page detection
\c@checkoddpage=\count99
)
(/usr/local/texlive/2016/texmf-dist/tex/latex/varwidth/varwidth.sty
Package: varwidth 2009/03/30 ver 0.92;  Variable-width minipages
\@vwid@box=\box28
\sift@deathcycles=\count100
\@vwid@loff=\dimen122
\@vwid@roff=\dimen123
))
(/usr/local/texlive/2016/texmf-dist/tex/latex/placeins/placeins.sty
Package: placeins 2005/04/18  v 2.2
)
(/usr/local/texlive/2016/texmf-dist/tex/latex/caption/subcaption.sty
Package: subcaption 2016/02/20 v1.1-142 Sub-captions (AR)

(/usr/local/texlive/2016/texmf-dist/tex/latex/caption/caption.sty
Package: caption 2016/02/21 v3.3-144 Customizing captions (AR)

(/usr/local/texlive/2016/texmf-dist/tex/latex/caption/caption3.sty
Package: caption3 2016/02/04 v1.7-139 caption3 kernel (AR)
Package caption3 Info: TeX engine: e-TeX on input line 67.
\captionmargin=\dimen124
\captionmargin@=\dimen125
\captionwidth=\dimen126
\caption@tempdima=\dimen127
\caption@indent=\dimen128
\caption@parindent=\dimen129
\caption@hangindent=\dimen130
)
\c@ContinuedFloat=\count101
Package caption Info: hyperref package is loaded.
)
\c@subfigure=\count102
\c@subtable=\count103
)
(/usr/local/texlive/2016/texmf-dist/tex/latex/import/import.sty
Package: import 2009/03/23  v 5.1
)
Package hyperref Info: Option `colorlinks' set `true' on input line 18.

(/usr/local/texlive/2016/texmf-dist/tex/latex/titlesec/ttlkeys.def
File: ttlkeys.def 2016/03/15
) (./RASD.aux)
\openout1 = `RASD.aux'.

LaTeX Font Info:    Checking defaults for OML/cmm/m/it on input line 35.
LaTeX Font Info:    ... okay on input line 35.
LaTeX Font Info:    Checking defaults for T1/cmr/m/n on input line 35.
LaTeX Font Info:    ... okay on input line 35.
LaTeX Font Info:    Checking defaults for OT1/cmr/m/n on input line 35.
LaTeX Font Info:    ... okay on input line 35.
LaTeX Font Info:    Checking defaults for OMS/cmsy/m/n on input line 35.
LaTeX Font Info:    ... okay on input line 35.
LaTeX Font Info:    Checking defaults for OMX/cmex/m/n on input line 35.
LaTeX Font Info:    ... okay on input line 35.
LaTeX Font Info:    Checking defaults for U/cmr/m/n on input line 35.
LaTeX Font Info:    ... okay on input line 35.
LaTeX Font Info:    Checking defaults for PD1/pdf/m/n on input line 35.
LaTeX Font Info:    ... okay on input line 35.
LaTeX Font Info:    Try loading font information for OT1+ppl on input line 35.
 (/usr/local/texlive/2016/texmf-dist/tex/latex/psnfss/ot1ppl.fd
File: ot1ppl.fd 2001/06/04 font definitions for OT1/ppl.
)
\big@size=\dimen131

(/usr/local/texlive/2016/texmf-dist/tex/context/base/mkii/supp-pdf.mkii
[Loading MPS to PDF converter (version 2006.09.02).]
\scratchcounter=\count104
\scratchdimen=\dimen132
\scratchbox=\box29
\nofMPsegments=\count105
\nofMParguments=\count106
\everyMPshowfont=\toks18
\MPscratchCnt=\count107
\MPscratchDim=\dimen133
\MPnumerator=\count108
\makeMPintoPDFobject=\count109
\everyMPtoPDFconversion=\toks19
) (/usr/local/texlive/2016/texmf-dist/tex/latex/oberdiek/epstopdf-base.sty
Package: epstopdf-base 2016/05/15 v2.6 Base part for package epstopdf

(/usr/local/texlive/2016/texmf-dist/tex/latex/oberdiek/grfext.sty
Package: grfext 2016/05/16 v1.2 Manage graphics extensions (HO)
)
Package grfext Info: Graphics extension search list:
(grfext)             [.png,.pdf,.jpg,.mps,.jpeg,.jbig2,.jb2,.PNG,.PDF,.JPG,.JPE
G,.JBIG2,.JB2,.eps]
(grfext)             \AppendGraphicsExtensions on input line 456.

(/usr/local/texlive/2016/texmf-dist/tex/latex/latexconfig/epstopdf-sys.cfg
File: epstopdf-sys.cfg 2010/07/13 v1.3 Configuration of (r)epstopdf for TeX Liv
e
))
\AtBeginShipoutBox=\box30
Package hyperref Info: Link coloring ON on input line 35.

(/usr/local/texlive/2016/texmf-dist/tex/latex/hyperref/nameref.sty
Package: nameref 2012/10/27 v2.43 Cross-referencing by name of section

(/usr/local/texlive/2016/texmf-dist/tex/generic/oberdiek/gettitlestring.sty
Package: gettitlestring 2016/05/16 v1.5 Cleanup title references (HO)
)
\c@section@level=\count110
)
LaTeX Info: Redefining \ref on input line 35.
LaTeX Info: Redefining \pageref on input line 35.
LaTeX Info: Redefining \nameref on input line 35.

(./RASD.out) (./RASD.out)
\@outlinefile=\write3
\openout3 = `RASD.out'.

Package caption Info: Begin \AtBeginDocument code.
Package caption Info: End \AtBeginDocument code.

<Images/PolimiLogo.png, id=180, 100.4553pt x 100.6962pt>
File: Images/PolimiLogo.png Graphic file (type png)

<use Images/PolimiLogo.png>
Package pdftex.def Info: Images/PolimiLogo.png used on input line 42.
(pdftex.def)             Requested size: 150.68257pt x 151.0439pt.

<Images/logoPowerEnjoy2.png, id=182, 192.2382pt x 45.2892pt>
File: Images/logoPowerEnjoy2.png Graphic file (type png)

<use Images/logoPowerEnjoy2.png>
Package pdftex.def Info: Images/logoPowerEnjoy2.png used on input line 58.
(pdftex.def)             Requested size: 192.23772pt x 45.28908pt.
 [1

{/usr/local/texlive/2016/texmf-var/fonts/map/pdftex/updmap/pdftex.map} <./Image
s/PolimiLogo.png> <./Images/logoPowerEnjoy2.png>] (./RASD.toc
LaTeX Font Info:    Font shape `OT1/ppl/bx/n' in size <12> not available
(Font)              Font shape `OT1/ppl/b/n' tried instead on input line 1.
LaTeX Font Info:    Font shape `OT1/ppl/bx/n' in size <17.28> not available
(Font)              Font shape `OT1/ppl/b/n' tried instead on input line 1.
LaTeX Font Info:    Try loading font information for OML+zplm on input line 2.

(/usr/local/texlive/2016/texmf-dist/tex/latex/psnfss/omlzplm.fd
File: omlzplm.fd 2002/09/08 Fontinst v1.914 font definitions for OML/zplm.
)
LaTeX Font Info:    Try loading font information for OMS+zplm on input line 2.

(/usr/local/texlive/2016/texmf-dist/tex/latex/psnfss/omszplm.fd
File: omszplm.fd 2002/09/08 Fontinst v1.914 font definitions for OMS/zplm.
)
LaTeX Font Info:    Try loading font information for OMX+zplm on input line 2.

(/usr/local/texlive/2016/texmf-dist/tex/latex/psnfss/omxzplm.fd
File: omxzplm.fd 2002/09/08 Fontinst v1.914 font definitions for OMX/zplm.
)
LaTeX Font Info:    Try loading font information for OT1+zplm on input line 2.

(/usr/local/texlive/2016/texmf-dist/tex/latex/psnfss/ot1zplm.fd
File: ot1zplm.fd 2002/09/08 Fontinst v1.914 font definitions for OT1/zplm.
) [2]
LaTeX Font Info:    Try loading font information for OML+ppl on input line 40.

(/usr/local/texlive/2016/texmf-dist/tex/latex/psnfss/omlppl.fd
File: omlppl.fd 
)
LaTeX Font Info:    Font shape `OML/ppl/m/n' in size <12> not available
(Font)              Font shape `OML/cmm/m/it' tried instead on input line 40.
)
\tf@toc=\write4
\openout4 = `RASD.toc'.

 [3]
LaTeX Font Info:    Font shape `OT1/ppl/bx/n' in size <14.4> not available
(Font)              Font shape `OT1/ppl/b/n' tried instead on input line 90.
 [4]
LaTeX Font Info:    Try loading font information for OMS+ppl on input line 140.


(/usr/local/texlive/2016/texmf-dist/tex/latex/psnfss/omsppl.fd
File: omsppl.fd 
)
LaTeX Font Info:    Font shape `OMS/ppl/m/n' in size <12> not available
(Font)              Font shape `OMS/cmsy/m/n' tried instead on input line 140.
 [5] [6]
Missing character: There is no ‚ in font pplr7t!
Missing character: There is no Ä in font pplr7t!
Missing character: There is no ú in font pplr7t!
Missing character: There is no ‚ in font pplr7t!
Missing character: There is no Ä in font pplr7t!
Missing character: There is no ù in font pplr7t!
Missing character: There is no ‚ in font pplr7t!
Missing character: There is no Ä in font pplr7t!
Missing character: There is no ú in font pplr7t!
Missing character: There is no ‚ in font pplr7t!
Missing character: There is no Ä in font pplr7t!
Missing character: There is no ù in font pplr7t!

Overfull \hbox (39.77629pt too wide) in paragraph at lines 214--216
[]\OT1/ppl/m/n/12 Alloy Lan-guage Ref-er-ence : [][]$\OT1/cmtt/m/n/12 http : / 
/ alloy . mit . edu / alloy / documentation /
 []

Missing character: There is no À in font cmtt12!

Overfull \hbox (32.07687pt too wide) in paragraph at lines 216--218
[]\OT1/ppl/m/n/12 UML Lan-guage Ref-er-ence : [][]$\OT1/cmtt/m/n/12 https : / /
 www . utdallas . edu / ^^[chung / Fujitsu /
 []

[7] [8]
Overfull \hbox (5.2628pt too wide) in paragraph at lines 300--303
\OT1/ppl/m/n/12 doc-u-ment fo-cus-ing on do-main as-sump-tions, re-quire-ments 
(func-tional
 []

[9] <Images/SoftwareDistribution.png, id=283, 622.325pt x 531.9875pt>
File: Images/SoftwareDistribution.png Graphic file (type png)

<use Images/SoftwareDistribution.png>
Package pdftex.def Info: Images/SoftwareDistribution.png used on input line 325
.
(pdftex.def)             Requested size: 350.99704pt x 351.00731pt.
 [10 <./Images/SoftwareDistribution.png>]
Overfull \hbox (7.66356pt too wide) in paragraph at lines 376--384
\OT1/ppl/m/n/12 We hold the as-sump-tion that the sys-tem will be de-ployed in 
large metropoli-
 []


Underfull \hbox (badness 10000) in paragraph at lines 376--384

 []

[11]
Underfull \hbox (badness 10000) in paragraph at lines 393--393
[][][][][]$\OT1/cmtt/m/n/10 http : / / www . mit . gov . it / mit / site . php 
? p = normativa & o = vd & id = 1 & id _ cat = &id _
 []

[12]
Underfull \hbox (badness 10000) in paragraph at lines 425--432

 []

[13]
Overfull \hbox (4.19987pt too wide) in paragraph at lines 464--468
\OT1/cmtt/m/n/12 developer . mozilla . org / en-[]US / Marketplace / Publishing
Policies _
 []

[14] [15] [16] <Images/mobileApp/Home.png, id=340, 752.8125pt x 1339.0025pt>
File: Images/mobileApp/Home.png Graphic file (type png)

<use Images/mobileApp/Home.png>
Package pdftex.def Info: Images/mobileApp/Home.png used on input line 581.
(pdftex.def)             Requested size: 188.20265pt x 334.7498pt.

<Images/mobileApp/Register.png, id=341, 752.8125pt x 1339.0025pt>
File: Images/mobileApp/Register.png Graphic file (type png)

<use Images/mobileApp/Register.png>
Package pdftex.def Info: Images/mobileApp/Register.png used on input line 586.
(pdftex.def)             Requested size: 188.20265pt x 334.7498pt.
 [17 <./Images/mobileApp/Home.png> <./Images/mobileApp/Register.png>]
<Images/mobileApp/SignIn.png, id=349, 752.8125pt x 1339.0025pt>
File: Images/mobileApp/SignIn.png Graphic file (type png)

<use Images/mobileApp/SignIn.png>
Package pdftex.def Info: Images/mobileApp/SignIn.png used on input line 595.
(pdftex.def)             Requested size: 188.20265pt x 334.7498pt.

<Images/mobileApp/RicercaMappa.png, id=350, 752.8125pt x 1339.0025pt>
File: Images/mobileApp/RicercaMappa.png Graphic file (type png)

<use Images/mobileApp/RicercaMappa.png>
Package pdftex.def Info: Images/mobileApp/RicercaMappa.png used on input line 6
00.
(pdftex.def)             Requested size: 188.20265pt x 334.7498pt.
 [18 <./Images/mobileApp/SignIn.png> <./Images/mobileApp/RicercaMappa.png>]
<Images/mobileApp/Param.png, id=358, 752.8125pt x 1339.0025pt>
File: Images/mobileApp/Param.png Graphic file (type png)

<use Images/mobileApp/Param.png>
Package pdftex.def Info: Images/mobileApp/Param.png used on input line 608.
(pdftex.def)             Requested size: 188.20265pt x 334.7498pt.

<Images/mobileApp/SelCar.png, id=359, 752.8125pt x 1339.0025pt>
File: Images/mobileApp/SelCar.png Graphic file (type png)

<use Images/mobileApp/SelCar.png>
Package pdftex.def Info: Images/mobileApp/SelCar.png used on input line 613.
(pdftex.def)             Requested size: 188.20265pt x 334.7498pt.
 [19 <./Images/mobileApp/Param.png> <./Images/mobileApp/SelCar.png>]
<Images/mobileApp/Conferma.png, id=368, 752.8125pt x 1339.0025pt>
File: Images/mobileApp/Conferma.png Graphic file (type png)

<use Images/mobileApp/Conferma.png>
Package pdftex.def Info: Images/mobileApp/Conferma.png used on input line 622.
(pdftex.def)             Requested size: 188.20265pt x 334.7498pt.

<Images/mobileApp/TimeLeft.png, id=369, 752.8125pt x 1339.0025pt>
File: Images/mobileApp/TimeLeft.png Graphic file (type png)

<use Images/mobileApp/TimeLeft.png>
Package pdftex.def Info: Images/mobileApp/TimeLeft.png used on input line 627.
(pdftex.def)             Requested size: 188.20265pt x 334.7498pt.
 [20 <./Images/mobileApp/Conferma.png> <./Images/mobileApp/TimeLeft.png>]
<Images/mobileApp/Sblocca.png, id=377, 752.8125pt x 1339.0025pt>
File: Images/mobileApp/Sblocca.png Graphic file (type png)

<use Images/mobileApp/Sblocca.png>
Package pdftex.def Info: Images/mobileApp/Sblocca.png used on input line 636.
(pdftex.def)             Requested size: 188.20265pt x 334.7498pt.

<Images/mobileApp/Menu.png, id=378, 752.8125pt x 1339.0025pt>
File: Images/mobileApp/Menu.png Graphic file (type png)

<use Images/mobileApp/Menu.png>
Package pdftex.def Info: Images/mobileApp/Menu.png used on input line 641.
(pdftex.def)             Requested size: 188.20265pt x 334.7498pt.
 [21 <./Images/mobileApp/Sblocca.png> <./Images/mobileApp/Menu.png>]
<Images/webApp/Homepage.png, id=386, 1451.4225pt x 816.04875pt>
File: Images/webApp/Homepage.png Graphic file (type png)

<use Images/webApp/Homepage.png>
Package pdftex.def Info: Images/webApp/Homepage.png used on input line 654.
(pdftex.def)             Requested size: 406.39554pt x 228.4921pt.

Overfull \hbox (16.39554pt too wide) in paragraph at lines 654--655
 [][] 
 []

<Images/webApp/MainSearch.png, id=387, 1451.4225pt x 816.04875pt>
File: Images/webApp/MainSearch.png Graphic file (type png)

<use Images/webApp/MainSearch.png>
Package pdftex.def Info: Images/webApp/MainSearch.png used on input line 657.
(pdftex.def)             Requested size: 406.39554pt x 228.4921pt.

Overfull \hbox (16.39554pt too wide) in paragraph at lines 657--658
 [][] 
 []

[22





 <./Images/webApp/Homepage.png> <./Images/webApp/MainSearch.png>]
<Images/webApp/MainSearchCar.png, id=395, 1453.43pt x 814.04124pt>
File: Images/webApp/MainSearchCar.png Graphic file (type png)

<use Images/webApp/MainSearchCar.png>
Package pdftex.def Info: Images/webApp/MainSearchCar.png used on input line 664
.
(pdftex.def)             Requested size: 406.95763pt x 227.93pt.

Overfull \hbox (16.95763pt too wide) in paragraph at lines 664--665
 [][] 
 []

<Images/webApp/MainMenu.png, id=396, 1453.43pt x 816.04875pt>
File: Images/webApp/MainMenu.png Graphic file (type png)

<use Images/webApp/MainMenu.png>
Package pdftex.def Info: Images/webApp/MainMenu.png used on input line 667.
(pdftex.def)             Requested size: 406.95763pt x 228.4921pt.

Overfull \hbox (16.95763pt too wide) in paragraph at lines 667--668
 [][] 
 []

[23 <./Images/webApp/MainSearchCar.png> <./Images/webApp/MainMenu.png>]
<Images/onBoard/Welcome.png, id=404, 602.25pt x 351.3125pt>
File: Images/onBoard/Welcome.png Graphic file (type png)

<use Images/onBoard/Welcome.png>
Package pdftex.def Info: Images/onBoard/Welcome.png used on input line 682.
(pdftex.def)             Requested size: 361.35278pt x 210.78911pt.

<Images/onBoard/Pin.png, id=405, 602.25pt x 351.3125pt>
File: Images/onBoard/Pin.png Graphic file (type png)

<use Images/onBoard/Pin.png>
Package pdftex.def Info: Images/onBoard/Pin.png used on input line 685.
(pdftex.def)             Requested size: 361.35278pt x 210.78911pt.
 [24


 <./Images/onBoard/Welcome.png> <./Images/onBoard/Pin.png>] <Images/onBoard/Des
tination.png, id=413, 602.25pt x 351.3125pt>
File: Images/onBoard/Destination.png Graphic file (type png)

<use Images/onBoard/Destination.png>
Package pdftex.def Info: Images/onBoard/Destination.png used on input line 691.

(pdftex.def)             Requested size: 361.35278pt x 210.78911pt.

<Images/onBoard/Main.png, id=414, 602.25pt x 351.3125pt>
File: Images/onBoard/Main.png Graphic file (type png)

<use Images/onBoard/Main.png>
Package pdftex.def Info: Images/onBoard/Main.png used on input line 694.
(pdftex.def)             Requested size: 361.35278pt x 210.78911pt.
 [25 <./Images/onBoard/Destination.png> <./Images/onBoard/Main.png>] (./Tables/
UseCase1.tex) [26


]
<Images/SequenceDiagram/UserRegistration.png, id=428, 829.0975pt x 1105.12875pt
>
File: Images/SequenceDiagram/UserRegistration.png Graphic file (type png)
 <use Images/SequenceDiagram/UserRegistration.png>
Package pdftex.def Info: Images/SequenceDiagram/UserRegistration.png used on in
put line 719.
(pdftex.def)             Requested size: 406.26134pt x 541.51784pt.

Overfull \hbox (16.26134pt too wide) in paragraph at lines 719--720
[][] 
 []


LaTeX Warning: Float too large for page by 17.51782pt on input line 720.

[27 <./Images/SequenceDiagram/UserRegistration.png>] (./Tables/UseCase2.tex)
[28

] <Images/SequenceDiagram/UserLogin.png, id=440, 829.0975pt x 1105.12875pt>
File: Images/SequenceDiagram/UserLogin.png Graphic file (type png)

<use Images/SequenceDiagram/UserLogin.png>
Package pdftex.def Info: Images/SequenceDiagram/UserLogin.png used on input lin
e 733.
(pdftex.def)             Requested size: 406.26134pt x 541.51784pt.

Overfull \hbox (16.26134pt too wide) in paragraph at lines 733--734
[][] 
 []


LaTeX Warning: Float too large for page by 17.51782pt on input line 734.

[29 <./Images/SequenceDiagram/UserLogin.png>] (./Tables/UseCase3.tex) [30

]
<Images/SequenceDiagram/CarReservation.png, id=453, 829.0975pt x 1105.12875pt>
File: Images/SequenceDiagram/CarReservation.png Graphic file (type png)

<use Images/SequenceDiagram/CarReservation.png>
Package pdftex.def Info: Images/SequenceDiagram/CarReservation.png used on inpu
t line 747.
(pdftex.def)             Requested size: 406.26134pt x 541.51784pt.

Overfull \hbox (16.26134pt too wide) in paragraph at lines 747--748
[][] 
 []


LaTeX Warning: Float too large for page by 17.51782pt on input line 748.

[31 <./Images/SequenceDiagram/CarReservation.png>] (./Tables/UseCase4.tex)
[32

] <Images/SequenceDiagram/Unable.png, id=466, 746.79pt x 856.19875pt>
File: Images/SequenceDiagram/Unable.png Graphic file (type png)

<use Images/SequenceDiagram/Unable.png>
Package pdftex.def Info: Images/SequenceDiagram/Unable.png used on input line 7
61.
(pdftex.def)             Requested size: 365.9303pt x 419.54106pt.
 [33 <./Images/SequenceDiagram/Unable.png>] (./Tables/UseCase5.tex)
<Images/SequenceDiagram/Report.png, id=473, 746.79pt x 486.81876pt>
File: Images/SequenceDiagram/Report.png Graphic file (type png)

<use Images/SequenceDiagram/Report.png>
Package pdftex.def Info: Images/SequenceDiagram/Report.png used on input line 7
72.
(pdftex.def)             Requested size: 365.9303pt x 238.54327pt.
 [34

] [35 <./Images/SequenceDiagram/Report.png>] (./Tables/UseCase6.tex) [36

]
<Images/SequenceDiagram/ShareRide.png, id=490, 1017.8025pt x 1069.9975pt>
File: Images/SequenceDiagram/ShareRide.png Graphic file (type png)

<use Images/SequenceDiagram/ShareRide.png>
Package pdftex.def Info: Images/SequenceDiagram/ShareRide.png used on input lin
e 785.
(pdftex.def)             Requested size: 498.7276pt x 524.30336pt.

Overfull \hbox (108.7276pt too wide) in paragraph at lines 785--786
[][] 
 []


LaTeX Warning: Float too large for page by 0.30334pt on input line 786.

[37 <./Images/SequenceDiagram/ShareRide.png>] (./Tables/UseCase7.tex) [38

]
<Images/SequenceDiagram/MSO.png, id=503, 764.8575pt x 837.1275pt>
File: Images/SequenceDiagram/MSO.png Graphic file (type png)

<use Images/SequenceDiagram/MSO.png>
Package pdftex.def Info: Images/SequenceDiagram/MSO.png used on input line 798.

(pdftex.def)             Requested size: 374.78345pt x 410.19606pt.
 [39 <./Images/SequenceDiagram/MSO.png>]

LaTeX Font Warning: Font shape `OML/ppl/bx/n' undefined
(Font)              using `OML/ppl/m/it' instead
(Font)              for symbol `textgreater' on input line 802.

LaTeX Font Info:    Font shape `OML/ppl/m/it' in size <12> not available
(Font)              Font shape `OML/cmm/m/it' tried instead on input line 802.
(./Tables/UseCase8.tex) [40

]
<Images/SequenceDiagram/Battery.png, id=515, 972.63374pt x 1083.04625pt>
File: Images/SequenceDiagram/Battery.png Graphic file (type png)

<use Images/SequenceDiagram/Battery.png>
Package pdftex.def Info: Images/SequenceDiagram/Battery.png used on input line 
811.
(pdftex.def)             Requested size: 476.5947pt x 530.69731pt.

Overfull \hbox (86.5947pt too wide) in paragraph at lines 811--812
[][] 
 []


LaTeX Warning: Float too large for page by 6.6973pt on input line 812.

[41 <./Images/SequenceDiagram/Battery.png>] (./Tables/UseCase9.tex) [42

]
<Images/SequenceDiagram/Charge.png, id=527, 861.2175pt x 1078.0275pt>
File: Images/SequenceDiagram/Charge.png Graphic file (type png)

<use Images/SequenceDiagram/Charge.png>
Package pdftex.def Info: Images/SequenceDiagram/Charge.png used on input line 8
24.
(pdftex.def)             Requested size: 422.00026pt x 528.2381pt.

Overfull \hbox (32.00026pt too wide) in paragraph at lines 824--825
[][] 
 []


LaTeX Warning: Float too large for page by 4.23808pt on input line 825.

[43 <./Images/SequenceDiagram/Charge.png>] (./Tables/UseCase10.tex
Overfull \hbox (2.16788pt too wide) in paragraph at lines 4--13
 [][] 
 []

) [44

] <Images/SequenceDiagram/OutSafe.png, id=540, 861.2175pt x 1057.9525pt>
File: Images/SequenceDiagram/OutSafe.png Graphic file (type png)

<use Images/SequenceDiagram/OutSafe.png>
Package pdftex.def Info: Images/SequenceDiagram/OutSafe.png used on input line 
839.
(pdftex.def)             Requested size: 422.00026pt x 518.40126pt.

Overfull \hbox (32.00026pt too wide) in paragraph at lines 839--840
[][] 
 []

[45 <./Images/SequenceDiagram/OutSafe.png>] (./Tables/UseCase11.tex) [46

]
<Images/SequenceDiagram/AdditionalFee.png, id=552, 861.2175pt x 1053.9375pt>
File: Images/SequenceDiagram/AdditionalFee.png Graphic file (type png)

<use Images/SequenceDiagram/AdditionalFee.png>
Package pdftex.def Info: Images/SequenceDiagram/AdditionalFee.png used on input
 line 853.
(pdftex.def)             Requested size: 422.00026pt x 516.4339pt.

Overfull \hbox (32.00026pt too wide) in paragraph at lines 853--854
[][] 
 []

[47 <./Images/SequenceDiagram/AdditionalFee.png>] (./Tables/UseCase12.tex)
[48

]
Package atveryend Info: Empty hook `BeforeClearDocument' on input line 865.
Package atveryend Info: Empty hook `AfterLastShipout' on input line 865.
 (./RASD.aux)
Package atveryend Info: Executing hook `AtVeryEndDocument' on input line 865.
Package atveryend Info: Executing hook `AtEndAfterFileList' on input line 865.
Package rerunfilecheck Info: File `RASD.out' has not changed.
(rerunfilecheck)             Checksum: 4C8ADE39C531B3F7E995009CD997B402;3335.


LaTeX Font Warning: Some font shapes were not available, defaults substituted.

Package atveryend Info: Empty hook `AtVeryVeryEnd' on input line 865.
 ) 
Here is how much of TeX's memory you used:
 8252 strings out of 493014
 128233 string characters out of 6133351
 214773 words of memory out of 5000000
 11464 multiletter control sequences out of 15000+600000
 30054 words of font info for 74 fonts, out of 8000000 for 9000
 1141 hyphenation exceptions out of 8191
 59i,15n,94p,422b,411s stack positions out of 5000i,500n,10000p,200000b,80000s
{/usr/local/texlive/2016/texmf-dist/fonts/enc/dvips/base/8r.enc}</usr/local/t
exlive/2016/texmf-dist/fonts/type1/public/amsfonts/cm/cmmi12.pfb></usr/local/te
xlive/2016/texmf-dist/fonts/type1/public/amsfonts/cm/cmsy10.pfb></usr/local/tex
live/2016/texmf-dist/fonts/type1/public/amsfonts/cm/cmtt10.pfb></usr/local/texl
ive/2016/texmf-dist/fonts/type1/public/amsfonts/cm/cmtt12.pfb></usr/local/texli
ve/2016/texmf-dist/fonts/type1/urw/palatino/uplb8a.pfb></usr/local/texlive/2016
/texmf-dist/fonts/type1/urw/palatino/uplr8a.pfb></usr/local/texlive/2016/texmf-
dist/fonts/type1/urw/palatino/uplri8a.pfb>
Output written on RASD.pdf (48 pages, 5033497 bytes).
PDF statistics:
 622 PDF objects out of 1000 (max. 8388607)
 496 compressed objects within 5 object streams
 134 named destinations out of 1000 (max. 500000)
 513 words of extra memory for PDF output out of 10000 (max. 10000000)

