<<<<<<< HEAD
This is pdfTeX, Version 3.14159265-2.6-1.40.17 (TeX Live 2016) (preloaded format=pdflatex 2016.5.22)  11 DEC 2016 19:29
=======
This is pdfTeX, Version 3.14159265-2.6-1.40.17 (MiKTeX 2.9 64-bit) (preloaded format=pdflatex 2016.11.6)  4 DEC 2016 18:05
>>>>>>> AlgorithmDesign
entering extended mode
**./DD.tex
(DD.tex
LaTeX2e <2016/03/31> patch level 3
Babel <3.9r> and hyphenation patterns for 75 language(s) loaded.
("C:\Program Files\MiKTeX 2.9\tex\latex\base\article.cls"
Document Class: article 2014/09/29 v1.4h Standard LaTeX document class
("C:\Program Files\MiKTeX 2.9\tex\latex\base\size12.clo"
File: size12.clo 2014/09/29 v1.4h Standard LaTeX file (size option)
)
\c@part=\count79
\c@section=\count80
\c@subsection=\count81
\c@subsubsection=\count82
\c@paragraph=\count83
\c@subparagraph=\count84
\c@figure=\count85
\c@table=\count86
\abovecaptionskip=\skip41
\belowcaptionskip=\skip42
\bibindent=\dimen102
)
("C:\Program Files\MiKTeX 2.9\tex\latex\psnfss\mathpazo.sty"
Package: mathpazo 2005/04/12 PSNFSS-v9.2a Palatino w/ Pazo Math (D.Puga, WaS) 
\symupright=\mathgroup4
)
("C:\Program Files\MiKTeX 2.9\tex\latex\graphics\graphicx.sty"
Package: graphicx 2014/10/28 v1.0g Enhanced LaTeX Graphics (DPC,SPQR)

("C:\Program Files\MiKTeX 2.9\tex\latex\graphics\keyval.sty"
Package: keyval 2014/10/28 v1.15 key=value parser (DPC)
\KV@toks@=\toks14
)
("C:\Program Files\MiKTeX 2.9\tex\latex\graphics\graphics.sty"
Package: graphics 2016/07/10 v1.0t Standard LaTeX Graphics (DPC,SPQR)

("C:\Program Files\MiKTeX 2.9\tex\latex\graphics\trig.sty"
Package: trig 2016/01/03 v1.10 sin cos tan (DPC)
)
("C:\Program Files\MiKTeX 2.9\tex\latex\00miktex\graphics.cfg"
File: graphics.cfg 2016/06/04 v1.11 sample graphics configuration
)
Package graphics Info: Driver file: pdftex.def on input line 99.

("C:\Program Files\MiKTeX 2.9\tex\latex\graphics-def\pdftex.def"
File: pdftex.def 2016/07/10 v0.06j Graphics/color for pdfTeX

("C:\Program Files\MiKTeX 2.9\tex\generic\oberdiek\infwarerr.sty"
Package: infwarerr 2016/05/16 v1.4 Providing info/warning/error messages (HO)
)
("C:\Program Files\MiKTeX 2.9\tex\generic\oberdiek\ltxcmds.sty"
Package: ltxcmds 2016/05/16 v1.23 LaTeX kernel commands for general use (HO)
)
\Gread@gobject=\count87
))
\Gin@req@height=\dimen103
\Gin@req@width=\dimen104
)
("C:\Program Files\MiKTeX 2.9\tex\latex\titlesec\titlesec.sty"
Package: titlesec 2016/03/21 v2.10.2 Sectioning titles
\ttl@box=\box26
\beforetitleunit=\skip43
\aftertitleunit=\skip44
\ttl@plus=\dimen105
\ttl@minus=\dimen106
\ttl@toksa=\toks15
\titlewidth=\dimen107
\titlewidthlast=\dimen108
\titlewidthfirst=\dimen109
)
("C:\Program Files\MiKTeX 2.9\tex\latex\hyperref\hyperref.sty"
Package: hyperref 2016/06/24 v6.83q Hypertext links for LaTeX

("C:\Program Files\MiKTeX 2.9\tex\generic\oberdiek\hobsub-hyperref.sty"
Package: hobsub-hyperref 2016/05/16 v1.14 Bundle oberdiek, subset hyperref (HO)


("C:\Program Files\MiKTeX 2.9\tex\generic\oberdiek\hobsub-generic.sty"
Package: hobsub-generic 2016/05/16 v1.14 Bundle oberdiek, subset generic (HO)
Package: hobsub 2016/05/16 v1.14 Construct package bundles (HO)
Package hobsub Info: Skipping package `infwarerr' (already loaded).
Package hobsub Info: Skipping package `ltxcmds' (already loaded).
Package: ifluatex 2016/05/16 v1.4 Provides the ifluatex switch (HO)
Package ifluatex Info: LuaTeX not detected.
Package: ifvtex 2016/05/16 v1.6 Detect VTeX and its facilities (HO)
Package ifvtex Info: VTeX not detected.
Package: intcalc 2016/05/16 v1.2 Expandable calculations with integers (HO)
Package: ifpdf 2016/05/14 v3.1 Provides the ifpdf switch
Package: etexcmds 2016/05/16 v1.6 Avoid name clashes with e-TeX commands (HO)
Package etexcmds Info: Could not find \expanded.
(etexcmds)             That can mean that you are not using pdfTeX 1.50 or
(etexcmds)             that some package has redefined \expanded.
(etexcmds)             In the latter case, load this package earlier.
Package: kvsetkeys 2016/05/16 v1.17 Key value parser (HO)
Package: kvdefinekeys 2016/05/16 v1.4 Define keys (HO)
Package: pdftexcmds 2016/05/21 v0.22 Utility functions of pdfTeX for LuaTeX (HO
)
Package pdftexcmds Info: LuaTeX not detected.
Package pdftexcmds Info: \pdf@primitive is available.
Package pdftexcmds Info: \pdf@ifprimitive is available.
Package pdftexcmds Info: \pdfdraftmode found.
Package: pdfescape 2016/05/16 v1.14 Implements pdfTeX's escape features (HO)
Package: bigintcalc 2016/05/16 v1.4 Expandable calculations on big integers (HO
)
Package: bitset 2016/05/16 v1.2 Handle bit-vector datatype (HO)
Package: uniquecounter 2016/05/16 v1.3 Provide unlimited unique counter (HO)
)
Package hobsub Info: Skipping package `hobsub' (already loaded).
Package: letltxmacro 2016/05/16 v1.5 Let assignment for LaTeX macros (HO)
Package: hopatch 2016/05/16 v1.3 Wrapper for package hooks (HO)
Package: xcolor-patch 2016/05/16 xcolor patch
Package: atveryend 2016/05/16 v1.9 Hooks at the very end of document (HO)
Package atveryend Info: \enddocument detected (standard20110627).
Package: atbegshi 2016/06/09 v1.18 At begin shipout hook (HO)
Package: refcount 2016/05/16 v3.5 Data extraction from label references (HO)
Package: hycolor 2016/05/16 v1.8 Color options for hyperref/bookmark (HO)
)
("C:\Program Files\MiKTeX 2.9\tex\generic\ifxetex\ifxetex.sty"
Package: ifxetex 2010/09/12 v0.6 Provides ifxetex conditional
)
("C:\Program Files\MiKTeX 2.9\tex\latex\oberdiek\auxhook.sty"
Package: auxhook 2016/05/16 v1.4 Hooks for auxiliary files (HO)
)
("C:\Program Files\MiKTeX 2.9\tex\latex\oberdiek\kvoptions.sty"
Package: kvoptions 2016/05/16 v3.12 Key value format for package options (HO)
)
\@linkdim=\dimen110
\Hy@linkcounter=\count88
\Hy@pagecounter=\count89

("C:\Program Files\MiKTeX 2.9\tex\latex\hyperref\pd1enc.def"
File: pd1enc.def 2016/06/24 v6.83q Hyperref: PDFDocEncoding definition (HO)
)
\Hy@SavedSpaceFactor=\count90

("C:\Program Files\MiKTeX 2.9\tex\latex\00miktex\hyperref.cfg"
File: hyperref.cfg 2002/06/06 v1.2 hyperref configuration of TeXLive
)
Package hyperref Info: Hyper figures OFF on input line 4486.
Package hyperref Info: Link nesting OFF on input line 4491.
Package hyperref Info: Hyper index ON on input line 4494.
Package hyperref Info: Plain pages OFF on input line 4501.
Package hyperref Info: Backreferencing OFF on input line 4506.
Package hyperref Info: Implicit mode ON; LaTeX internals redefined.
Package hyperref Info: Bookmarks ON on input line 4735.
\c@Hy@tempcnt=\count91

("C:\Program Files\MiKTeX 2.9\tex\latex\url\url.sty"
\Urlmuskip=\muskip10
Package: url 2013/09/16  ver 3.4  Verb mode for urls, etc.
)
LaTeX Info: Redefining \url on input line 5088.
\XeTeXLinkMargin=\dimen111
\Fld@menulength=\count92
\Field@Width=\dimen112
\Fld@charsize=\dimen113
Package hyperref Info: Hyper figures OFF on input line 6342.
Package hyperref Info: Link nesting OFF on input line 6347.
Package hyperref Info: Hyper index ON on input line 6350.
Package hyperref Info: backreferencing OFF on input line 6357.
Package hyperref Info: Link coloring OFF on input line 6362.
Package hyperref Info: Link coloring with OCG OFF on input line 6367.
Package hyperref Info: PDF/A mode OFF on input line 6372.
LaTeX Info: Redefining \ref on input line 6412.
LaTeX Info: Redefining \pageref on input line 6416.
\Hy@abspage=\count93
\c@Item=\count94
\c@Hfootnote=\count95
)

Package hyperref Message: Driver (autodetected): hpdftex.

("C:\Program Files\MiKTeX 2.9\tex\latex\hyperref\hpdftex.def"
File: hpdftex.def 2016/06/24 v6.83q Hyperref driver for pdfTeX
\Fld@listcount=\count96
\c@bookmark@seq@number=\count97

("C:\Program Files\MiKTeX 2.9\tex\latex\oberdiek\rerunfilecheck.sty"
Package: rerunfilecheck 2016/05/16 v1.8 Rerun checks for auxiliary files (HO)
Package uniquecounter Info: New unique counter `rerunfilecheck' on input line 2
82.
)
\Hy@SectionHShift=\skip45
)
("C:\Program Files\MiKTeX 2.9\tex\latex\adjustbox\adjustbox.sty"
Package: adjustbox 2012/05/21 v1.0 Adjusting TeX boxes (trim, clip, ...)

("C:\Program Files\MiKTeX 2.9\tex\latex\xkeyval\xkeyval.sty"
Package: xkeyval 2014/12/03 v2.7a package option processing (HA)

("C:\Program Files\MiKTeX 2.9\tex\generic\xkeyval\xkeyval.tex"
("C:\Program Files\MiKTeX 2.9\tex\generic\xkeyval\xkvutils.tex"
\XKV@toks=\toks16
\XKV@tempa@toks=\toks17
)
\XKV@depth=\count98
File: xkeyval.tex 2014/12/03 v2.7a key=value parser (HA)
))
("C:\Program Files\MiKTeX 2.9\tex\latex\adjustbox\adjcalc.sty"
Package: adjcalc 2012/05/16 v1.1 Provides advanced setlength with multiple back
-ends (calc, etex, pgfmath)
)
("C:\Program Files\MiKTeX 2.9\tex\latex\adjustbox\trimclip.sty"
Package: trimclip 2012/05/16 v1.0 Trim and clip general TeX material

("C:\Program Files\MiKTeX 2.9\tex\latex\collectbox\collectbox.sty"
Package: collectbox 2012/05/17 v0.4b Collect macro arguments as boxes
\collectedbox=\box27
)
\tc@llx=\dimen114
\tc@lly=\dimen115
\tc@urx=\dimen116
\tc@ury=\dimen117
Package trimclip Info: Using driver 'tc-pdftex.def'.

("C:\Program Files\MiKTeX 2.9\tex\latex\adjustbox\tc-pdftex.def"
File: tc-pdftex.def 2012/05/13 v1.0 Clipping driver for pdftex
))
\adjbox@Width=\dimen118
\adjbox@Height=\dimen119
\adjbox@Depth=\dimen120
\adjbox@Totalheight=\dimen121

("C:\Program Files\MiKTeX 2.9\tex\latex\ifoddpage\ifoddpage.sty"
Package: ifoddpage 2016/04/23 v1.1 Conditionals for odd/even page detection
\c@checkoddpage=\count99
)
("C:\Program Files\MiKTeX 2.9\tex\latex\ltxmisc\varwidth.sty"
Package: varwidth 2009/03/30 ver 0.92;  Variable-width minipages
\@vwid@box=\box28
\sift@deathcycles=\count100
\@vwid@loff=\dimen122
\@vwid@roff=\dimen123
))
("C:\Program Files\MiKTeX 2.9\tex\latex\placeins\placeins.sty"
Package: placeins 2005/04/18  v 2.2
)
("C:\Program Files\MiKTeX 2.9\tex\latex\caption\subcaption.sty"
Package: subcaption 2016/05/22 v1.1-161 Sub-captions (AR)

("C:\Program Files\MiKTeX 2.9\tex\latex\caption\caption.sty"
Package: caption 2016/02/21 v3.3-144 Customizing captions (AR)

("C:\Program Files\MiKTeX 2.9\tex\latex\caption\caption3.sty"
Package: caption3 2016/05/22 v1.7-166 caption3 kernel (AR)
Package caption3 Info: TeX engine: e-TeX on input line 67.
\captionmargin=\dimen124
\captionmargin@=\dimen125
\captionwidth=\dimen126
\caption@tempdima=\dimen127
\caption@indent=\dimen128
\caption@parindent=\dimen129
\caption@hangindent=\dimen130
)
\c@ContinuedFloat=\count101
Package caption Info: hyperref package is loaded.
)
\c@subfigure=\count102
\c@subtable=\count103
)
("C:\Program Files\MiKTeX 2.9\tex\latex\import\import.sty"
Package: import 2009/03/23  v 5.1
)
("C:\Program Files\MiKTeX 2.9\tex\latex\xcolor\xcolor.sty"
Package: xcolor 2016/05/11 v2.12 LaTeX color extensions (UK)

("C:\Program Files\MiKTeX 2.9\tex\latex\00miktex\color.cfg"
File: color.cfg 2016/01/02 v1.6 sample color configuration
)
Package xcolor Info: Driver file: pdftex.def on input line 225.
Package xcolor Info: Model `cmy' substituted by `cmy0' on input line 1348.
Package xcolor Info: Model `hsb' substituted by `rgb' on input line 1352.
Package xcolor Info: Model `RGB' extended on input line 1364.
Package xcolor Info: Model `HTML' substituted by `rgb' on input line 1366.
Package xcolor Info: Model `Hsb' substituted by `hsb' on input line 1367.
Package xcolor Info: Model `tHsb' substituted by `hsb' on input line 1368.
Package xcolor Info: Model `HSB' substituted by `hsb' on input line 1369.
Package xcolor Info: Model `Gray' substituted by `gray' on input line 1370.
Package xcolor Info: Model `wave' substituted by `hsb' on input line 1371.

("C:\Program Files\MiKTeX 2.9\tex\latex\graphics\dvipsnam.def"
File: dvipsnam.def 2016/06/17 v3.0m Driver-dependent file (DPC,SPQR)
))
("C:\Program Files\MiKTeX 2.9\tex\latex\listings\listings.sty"
\lst@mode=\count104
\lst@gtempboxa=\box29
\lst@token=\toks18
\lst@length=\count105
\lst@currlwidth=\dimen131
\lst@column=\count106
\lst@pos=\count107
\lst@lostspace=\dimen132
\lst@width=\dimen133
\lst@newlines=\count108
\lst@lineno=\count109
\lst@maxwidth=\dimen134

("C:\Program Files\MiKTeX 2.9\tex\latex\listings\lstmisc.sty"
File: lstmisc.sty 2015/06/04 1.6 (Carsten Heinz)
\c@lstnumber=\count110
\lst@skipnumbers=\count111
\lst@framebox=\box30
)
("C:\Program Files\MiKTeX 2.9\tex\latex\listings\listings.cfg"
File: listings.cfg 2015/06/04 1.6 listings configuration
))
Package: listings 2015/06/04 1.6 (Carsten Heinz)

("C:\Program Files\MiKTeX 2.9\tex\latex\graphics\lscape.sty"
Package: lscape 2000/10/22 v3.01 Landscape Pages (DPC)
)
(/usr/local/texlive/2016/texmf-dist/tex/latex/rotating/rotating.sty
Package: rotating 2009/03/28 v2.16a rotated objects in LaTeX

(/usr/local/texlive/2016/texmf-dist/tex/latex/base/ifthen.sty
Package: ifthen 2014/09/29 v1.1c Standard LaTeX ifthen package (DPC)
)
\c@r@tfl@t=\count112
\rotFPtop=\skip46
\rotFPbot=\skip47
\rot@float@box=\box31
\rot@mess@toks=\toks19
)
Package hyperref Info: Option `colorlinks' set `true' on input line 20.

("C:\Program Files\MiKTeX 2.9\tex\latex\listings\lstlang1.sty"
File: lstlang1.sty 2015/06/04 1.6 listings language file
)
("C:\Program Files\MiKTeX 2.9\tex\latex\titlesec\ttlkeys.def"
File: ttlkeys.def 2016/03/15
) (DD.aux)
\openout1 = `DD.aux'.

<<<<<<< HEAD
LaTeX Font Info:    Checking defaults for OML/cmm/m/it on input line 37.
LaTeX Font Info:    ... okay on input line 37.
LaTeX Font Info:    Checking defaults for T1/cmr/m/n on input line 37.
LaTeX Font Info:    ... okay on input line 37.
LaTeX Font Info:    Checking defaults for OT1/cmr/m/n on input line 37.
LaTeX Font Info:    ... okay on input line 37.
LaTeX Font Info:    Checking defaults for OMS/cmsy/m/n on input line 37.
LaTeX Font Info:    ... okay on input line 37.
LaTeX Font Info:    Checking defaults for OMX/cmex/m/n on input line 37.
LaTeX Font Info:    ... okay on input line 37.
LaTeX Font Info:    Checking defaults for U/cmr/m/n on input line 37.
LaTeX Font Info:    ... okay on input line 37.
LaTeX Font Info:    Checking defaults for PD1/pdf/m/n on input line 37.
LaTeX Font Info:    ... okay on input line 37.
LaTeX Font Info:    Try loading font information for OT1+ppl on input line 37.

(/usr/local/texlive/2016/texmf-dist/tex/latex/psnfss/ot1ppl.fd
=======
LaTeX Font Info:    Checking defaults for OML/cmm/m/it on input line 59.
LaTeX Font Info:    ... okay on input line 59.
LaTeX Font Info:    Checking defaults for T1/cmr/m/n on input line 59.
LaTeX Font Info:    ... okay on input line 59.
LaTeX Font Info:    Checking defaults for OT1/cmr/m/n on input line 59.
LaTeX Font Info:    ... okay on input line 59.
LaTeX Font Info:    Checking defaults for OMS/cmsy/m/n on input line 59.
LaTeX Font Info:    ... okay on input line 59.
LaTeX Font Info:    Checking defaults for OMX/cmex/m/n on input line 59.
LaTeX Font Info:    ... okay on input line 59.
LaTeX Font Info:    Checking defaults for U/cmr/m/n on input line 59.
LaTeX Font Info:    ... okay on input line 59.
LaTeX Font Info:    Checking defaults for PD1/pdf/m/n on input line 59.
LaTeX Font Info:    ... okay on input line 59.
LaTeX Font Info:    Try loading font information for OT1+ppl on input line 59.

("C:\Program Files\MiKTeX 2.9\tex\latex\psnfss\ot1ppl.fd"
>>>>>>> AlgorithmDesign
File: ot1ppl.fd 2001/06/04 font definitions for OT1/ppl.
)
\big@size=\dimen135

("C:\Program Files\MiKTeX 2.9\tex\context\base\supp-pdf.mkii"
[Loading MPS to PDF converter (version 2006.09.02).]
\scratchcounter=\count113
\scratchdimen=\dimen136
\scratchbox=\box32
\nofMPsegments=\count114
\nofMParguments=\count115
\everyMPshowfont=\toks20
\MPscratchCnt=\count116
\MPscratchDim=\dimen137
<<<<<<< HEAD
\MPnumerator=\count117
\makeMPintoPDFobject=\count118
\everyMPtoPDFconversion=\toks21
) (/usr/local/texlive/2016/texmf-dist/tex/latex/oberdiek/epstopdf-base.sty
=======
\MPnumerator=\count116
\makeMPintoPDFobject=\count117
\everyMPtoPDFconversion=\toks20
) ("C:\Program Files\MiKTeX 2.9\tex\latex\oberdiek\epstopdf-base.sty"
>>>>>>> AlgorithmDesign
Package: epstopdf-base 2016/05/15 v2.6 Base part for package epstopdf

("C:\Program Files\MiKTeX 2.9\tex\latex\oberdiek\grfext.sty"
Package: grfext 2016/05/16 v1.2 Manage graphics extensions (HO)
)
Package epstopdf-base Info: Redefining graphics rule for `.eps' on input line 4
38.
Package grfext Info: Graphics extension search list:
(grfext)             [.png,.pdf,.jpg,.mps,.jpeg,.jbig2,.jb2,.PNG,.PDF,.JPG,.JPE
G,.JBIG2,.JB2,.eps]
(grfext)             \AppendGraphicsExtensions on input line 456.
<<<<<<< HEAD

(/usr/local/texlive/2016/texmf-dist/tex/latex/latexconfig/epstopdf-sys.cfg
File: epstopdf-sys.cfg 2010/07/13 v1.3 Configuration of (r)epstopdf for TeX Liv
e
))
\AtBeginShipoutBox=\box33
Package hyperref Info: Link coloring ON on input line 37.
=======
)
\AtBeginShipoutBox=\box32
Package hyperref Info: Link coloring ON on input line 59.
>>>>>>> AlgorithmDesign

("C:\Program Files\MiKTeX 2.9\tex\latex\hyperref\nameref.sty"
Package: nameref 2016/05/21 v2.44 Cross-referencing by name of section

("C:\Program Files\MiKTeX 2.9\tex\generic\oberdiek\gettitlestring.sty"
Package: gettitlestring 2016/05/16 v1.5 Cleanup title references (HO)
)
\c@section@level=\count119
)
<<<<<<< HEAD
LaTeX Info: Redefining \ref on input line 37.
LaTeX Info: Redefining \pageref on input line 37.
LaTeX Info: Redefining \nameref on input line 37.
=======
LaTeX Info: Redefining \ref on input line 59.
LaTeX Info: Redefining \pageref on input line 59.
LaTeX Info: Redefining \nameref on input line 59.
>>>>>>> AlgorithmDesign

(DD.out) (DD.out)
\@outlinefile=\write3
\openout3 = `DD.out'.

Package caption Info: Begin \AtBeginDocument code.
Package caption Info: listings package is loaded.
Package caption Info: rotating package is loaded.
Package caption Info: End \AtBeginDocument code.
<<<<<<< HEAD
\c@lstlisting=\count120
 <Images/PolimiLogo.png, id=136, 100.4553pt x 100.6962pt>
File: Images/PolimiLogo.png Graphic file (type png)

<use Images/PolimiLogo.png>
Package pdftex.def Info: Images/PolimiLogo.png used on input line 44.
(pdftex.def)             Requested size: 150.68257pt x 151.0439pt.

<Images/logoPowerEnjoy2.png, id=138, 192.2382pt x 45.2892pt>
File: Images/logoPowerEnjoy2.png Graphic file (type png)

<use Images/logoPowerEnjoy2.png>
Package pdftex.def Info: Images/logoPowerEnjoy2.png used on input line 60.
=======
\c@lstlisting=\count119
 <Images/PolimiLogo.png, id=139, 100.4553pt x 100.6962pt>
File: Images/PolimiLogo.png Graphic file (type png)

<use Images/PolimiLogo.png>
Package pdftex.def Info: Images/PolimiLogo.png used on input line 66.
(pdftex.def)             Requested size: 150.68257pt x 151.0439pt.

<Images/logoPowerEnjoy2.png, id=141, 192.2382pt x 45.2892pt>
File: Images/logoPowerEnjoy2.png Graphic file (type png)

<use Images/logoPowerEnjoy2.png>
Package pdftex.def Info: Images/logoPowerEnjoy2.png used on input line 82.
>>>>>>> AlgorithmDesign
(pdftex.def)             Requested size: 192.23772pt x 45.28908pt.
 [1

{C:/ProgramData/MiKTeX/2.9/pdftex/config/pdftex.map} <./Images/PolimiLogo.png> 
<./Images/logoPowerEnjoy2.png>] (DD.toc
LaTeX Font Info:    Font shape `OT1/ppl/bx/n' in size <12> not available
(Font)              Font shape `OT1/ppl/b/n' tried instead on input line 1.
LaTeX Font Info:    Try loading font information for OML+zplm on input line 2.

("C:\Program Files\MiKTeX 2.9\tex\latex\psnfss\omlzplm.fd"
File: omlzplm.fd 2002/09/08 Fontinst v1.914 font definitions for OML/zplm.
)
LaTeX Font Info:    Try loading font information for OMS+zplm on input line 2.

("C:\Program Files\MiKTeX 2.9\tex\latex\psnfss\omszplm.fd"
File: omszplm.fd 2002/09/08 Fontinst v1.914 font definitions for OMS/zplm.
)
LaTeX Font Info:    Try loading font information for OMX+zplm on input line 2.

("C:\Program Files\MiKTeX 2.9\tex\latex\psnfss\omxzplm.fd"
File: omxzplm.fd 2002/09/08 Fontinst v1.914 font definitions for OMX/zplm.
)
LaTeX Font Info:    Try loading font information for OT1+zplm on input line 2.

("C:\Program Files\MiKTeX 2.9\tex\latex\psnfss\ot1zplm.fd"
File: ot1zplm.fd 2002/09/08 Fontinst v1.914 font definitions for OT1/zplm.
) [2])
\tf@toc=\write4
\openout4 = `DD.toc'.

 [3]
(SubModules/Introduction.tex
LaTeX Font Info:    Font shape `OT1/ppl/bx/n' in size <14.4> not available
(Font)              Font shape `OT1/ppl/b/n' tried instead on input line 1.
Missing character: There is no ‚ in font pplr7t!
Missing character: There is no Ä in font pplr7t!
Missing character: There is no ô in font pplr7t!
Missing character: There is no ‚ in font pplr7t!
Missing character: There is no Ä in font pplr7t!
Missing character: There is no ú in font pplr7t!
Missing character: There is no ‚ in font pplr7t!
Missing character: There is no Ä in font pplr7t!
Missing character: There is no ù in font pplr7t!
 [4]
LaTeX Font Info:    Try loading font information for OMS+ppl on input line 25.

("C:\Program Files\MiKTeX 2.9\tex\latex\psnfss\omsppl.fd"
File: omsppl.fd 
)
LaTeX Font Info:    Font shape `OMS/ppl/m/n' in size <12> not available
(Font)              Font shape `OMS/cmsy/m/n' tried instead on input line 25.
 [5]
Missing character: There is no ‚ in font pplr7t!
Missing character: There is no Ä in font pplr7t!
Missing character: There is no ú in font pplr7t!
Missing character: There is no ‚ in font pplr7t!
Missing character: There is no Ä in font pplr7t!
Missing character: There is no ù in font pplr7t!
Missing character: There is no À in font cmtt12!

Overfull \hbox (32.07687pt too wide) in paragraph at lines 61--62
[]\OT1/ppl/m/n/12 UML Lan-guage Ref-er-ence : [][]$\OT1/cmtt/m/n/12 https : / /
 www . utdallas . edu / chung / Fujitsu /
 []

<<<<<<< HEAD

LaTeX Warning: Hyper reference `sec:sec2' on page 6 undefined on input line 70.



LaTeX Warning: Hyper reference `sec:sec3' on page 6 undefined on input line 73.



LaTeX Warning: Hyper reference `sec:sec4' on page 6 undefined on input line 75.



LaTeX Warning: Hyper reference `sec:sec5' on page 6 undefined on input line 77.



LaTeX Warning: Hyper reference `sec:sec6' on page 6 undefined on input line 79.


) (./SubModules/ArchDesign.tex
Underfull \hbox (badness 10000) in paragraph at lines 2--4

 []

[6]

LaTeX Warning: Hyper reference `sec:Server' on page 7 undefined on input line 1
2.


LaTeX Warning: Hyper reference `sec:UserClient' on page 7 undefined on input li
ne 13.


Overfull \hbox (9.12656pt too wide) in paragraph at lines 13--14
[]\OT1/ppl/b/n/12 User Client \OT1/ppl/m/n/12 pro-vides a high level rep-re-sen
-ta-tion of the real user clients.
 []


LaTeX Warning: Hyper reference `sec:OnBClient' on page 7 undefined on input lin
e 14.


Overfull \hbox (6.22237pt too wide) in paragraph at lines 14--15
[]\OT1/ppl/b/n/12 On-Board Client \OT1/ppl/m/n/12 pro-vides nav-i-ga-tion func-
tion-al-i-ties done ex-clu-sively
 []


Overfull \hbox (15.51111pt too wide) in paragraph at lines 16--17
\OT1/ppl/m/n/12 As men-tioned above the plat-form is de-signed us-ing the \OT1/
ppl/m/it/12 client-server\OT1/ppl/m/n/12 paradigm.
 []

[7]
Underfull \hbox (badness 10000) in paragraph at lines 20--28

 []


Overfull \hbox (10.0025pt too wide) in paragraph at lines 30--32
\OT1/ppl/m/n/12 This com-po-nent han-dles user data, reg-is-tra-tion and au-the
n-ti-ca-tion.The
 []


Overfull \hbox (11.82669pt too wide) in paragraph at lines 41--44
\OT1/ppl/m/n/12 The car man-ager com-po-nent's job is to man-age all the ve-hi-
cles through-
 []

[8]
Overfull \hbox (0.42728pt too wide) in paragraph at lines 48--50
\OT1/ppl/m/n/12 The search man-ager com-po-nent han-dles all in-com-ing search 
re-quests
 []


Underfull \hbox (badness 10000) in paragraph at lines 56--57

 []

[9] [10] <Images/ClassDiagram/User.png, id=235, 1384.17125pt x 1122.1925pt>
File: Images/ClassDiagram/User.png Graphic file (type png)

<use Images/ClassDiagram/User.png>
Package pdftex.def Info: Images/ClassDiagram/User.png used on input line 84.
(pdftex.def)             Requested size: 484.46721pt x 392.77327pt.

Overfull \hbox (94.46721pt too wide) in paragraph at lines 84--85
[] 
 []

[11 <./Images/ClassDiagram/User.png>]
<Images/ClassDiagram/Display.png, id=242, 1130.2225pt x 1493.58pt>
File: Images/ClassDiagram/Display.png Graphic file (type png)

<use Images/ClassDiagram/Display.png>
Package pdftex.def Info: Images/ClassDiagram/Display.png used on input line 92.

(pdftex.def)             Requested size: 395.5838pt x 522.76083pt.
 [12 <./Images/ClassDiagram/Display.png>]
<Images/ClassDiagram/BackEnd2.png, id=249, 1761.58125pt x 1190.4475pt>
File: Images/ClassDiagram/BackEnd2.png Graphic file (type png)

<use Images/ClassDiagram/BackEnd2.png>
Package pdftex.def Info: Images/ClassDiagram/BackEnd2.png used on input line 10
0.
(pdftex.def)             Requested size: 616.56268pt x 416.66287pt.

Overfull \hbox (68.06268pt too wide) in paragraph at lines 100--101
[][] 
 []

[13 <./Images/ClassDiagram/BackEnd2.png>]
Overfull \hbox (5.55089pt too wide) in paragraph at lines 115--117
\OT1/ppl/m/n/12 ware and man-age the backup re-quests from the pri-mary DBMS se
rver.
 []


Underfull \hbox (badness 10000) in paragraph at lines 117--119

 []

<Images/DeployDiagram/Deploy3.png, id=257, 845.1575pt x 925.4575pt>
File: Images/DeployDiagram/Deploy3.png Graphic file (type png)

<use Images/DeployDiagram/Deploy3.png>
Package pdftex.def Info: Images/DeployDiagram/Deploy3.png used on input line 12
5.
(pdftex.def)             Requested size: 321.1632pt x 351.6775pt.
 [14




] [15 <./Images/DeployDiagram/Deploy3.png>]
Underfull \hbox (badness 10000) in paragraph at lines 143--146

 []

[16] <Images/Sequence/seq1.png, id=276, 1005.7575pt x 877.2775pt>
File: Images/Sequence/seq1.png Graphic file (type png)

<use Images/Sequence/seq1.png>
Package pdftex.def Info: Images/Sequence/seq1.png used on input line 151.
(pdftex.def)             Requested size: 402.29587pt x 350.90479pt.

Overfull \hbox (12.29587pt too wide) in paragraph at lines 151--152
 [] 
 []

[17 <./Images/Sequence/seq1.png>]
<Images/Sequence/seq2.png, id=283, 1130.2225pt x 652.4375pt>
File: Images/Sequence/seq2.png Graphic file (type png)

<use Images/Sequence/seq2.png>
Package pdftex.def Info: Images/Sequence/seq2.png used on input line 159.
(pdftex.def)             Requested size: 452.081pt x 260.97037pt.

Overfull \hbox (62.081pt too wide) in paragraph at lines 159--160
 [][] 
 []

[18 <./Images/Sequence/seq2.png>]
<Images/Sequence/seq3.png, id=290, 1591.9475pt x 1005.7575pt>
File: Images/Sequence/seq3.png Graphic file (type png)

<use Images/Sequence/seq3.png>
Package pdftex.def Info: Images/Sequence/seq3.png used on input line 167.
(pdftex.def)             Requested size: 636.76773pt x 402.29587pt.

Overfull \hbox (88.26773pt too wide) in paragraph at lines 167--168
 [][] 
 []

[19 <./Images/Sequence/seq3.png>]
<Images/Sequence/Seq4.png, id=298, 1720.4275pt x 968.61874pt>
File: Images/Sequence/Seq4.png Graphic file (type png)

<use Images/Sequence/Seq4.png>
Package pdftex.def Info: Images/Sequence/Seq4.png used on input line 174.
(pdftex.def)             Requested size: 688.15883pt x 387.44063pt.

Overfull \hbox (139.65883pt too wide) in paragraph at lines 174--175
 [][] 
 []

[20 <./Images/Sequence/Seq4.png>]
Underfull \hbox (badness 10000) in paragraph at lines 192--196

 []


Overfull \hbox (0.84709pt too wide) in paragraph at lines 205--211
=======
) (SubModules/ArchDesign.tex [6]
Overfull \hbox (0.84709pt too wide) in paragraph at lines 8--10
>>>>>>> AlgorithmDesign
\OT1/ppl/m/n/12 The REST-ful API is a gate-way com-mu-ni-ca-tor be-tween client
s and the back-
 []

<<<<<<< HEAD
[21
=======
[7] [8]
<Images/ComponentDiagram/ComponentDiagram.png, id=224, 1294.8375pt x 1360.08125
pt>
File: Images/ComponentDiagram/ComponentDiagram.png Graphic file (type png)
 <use Images/ComponentDiagram/ComponentDiagram.png>
Package pdftex.def Info: Images/ComponentDiagram/ComponentDiagram.png used on i
nput line 35.
(pdftex.def)             Requested size: 517.92583pt x 544.02287pt.
>>>>>>> AlgorithmDesign






]
Underfull \hbox (badness 10000) in paragraph at lines 212--214

 []

Missing character: There is no ‚ in font pplr7t!
Missing character: There is no Ä in font pplr7t!
Missing character: There is no ô in font pplr7t!
[22]
Overfull \hbox (12.41467pt too wide) in paragraph at lines 245--249
\OT1/ppl/m/n/12 also data pro-vided by the data store layer) to the pre-sen-ta-
tion layer.This
 []

<<<<<<< HEAD
[23]
Missing character: There is no ‚ in font pplr7t!
Missing character: There is no Ä in font pplr7t!
Missing character: There is no ô in font pplr7t!
Missing character: There is no ‚ in font pplr7t!
Missing character: There is no Ä in font pplr7t!
Missing character: There is no ô in font pplr7t!
 <Images/ER/ER.png, id=324, 759.83875pt x 896.34875pt>
File: Images/ER/ER.png Graphic file (type png)

<use Images/ER/ER.png>
Package pdftex.def Info: Images/ER/ER.png used on input line 270.
(pdftex.def)             Requested size: 265.94754pt x 313.72676pt.
 [24 <./Images/ER/ER.png>] [25] [26])
(./SubModules/AlgorithmDesign.tex
Underfull \hbox (badness 10000) in paragraph at lines 2--3
=======
[9] [10 <./Images/ComponentDiagram/ComponentDiagram.png>] [11] [12] [13]
[14] [15]) (SubModules/AlgorithmDesignCode.tex
Underfull \hbox (badness 10000) in paragraph at lines 4--5

 []


Underfull \hbox (badness 10000) in paragraph at lines 14--15

 []


Overfull \hbox (5.73251pt too wide) in paragraph at lines 16--17
[]\OT1/ppl/b/n/12 startRide(Car car, User user, int pin-Code, Mon-eySavin-gOp-t
ion mos,
 []

[16] [17] [18]) [19] [20] (SubModules/RequirementsTraceability.tex
Underfull \hbox (badness 10000) in paragraph at lines 5--6

 []


Underfull \hbox (badness 10000) in paragraph at lines 9--10

 []


Underfull \hbox (badness 10000) in paragraph at lines 13--14
>>>>>>> AlgorithmDesign

 []


Underfull \hbox (badness 10000) in paragraph at lines 19--20

 []


Underfull \hbox (badness 10000) in paragraph at lines 25--26

 []

[21]
Underfull \hbox (badness 10000) in paragraph at lines 32--33

 []


Underfull \hbox (badness 10000) in paragraph at lines 37--38

 []

<<<<<<< HEAD
[27]) [28] [29] [30] [31]
Package atveryend Info: Empty hook `BeforeClearDocument' on input line 139.
 [32]
Package atveryend Info: Empty hook `AfterLastShipout' on input line 139.
 (./DD.aux)
Package atveryend Info: Executing hook `AtVeryEndDocument' on input line 139.
Package atveryend Info: Executing hook `AtEndAfterFileList' on input line 139.
Package rerunfilecheck Info: File `DD.out' has not changed.
(rerunfilecheck)             Checksum: 25C7781B2B085AF7DD0F62997AF6DB3B;2210.
=======
>>>>>>> AlgorithmDesign

Underfull \hbox (badness 10000) in paragraph at lines 42--43

 []


Underfull \hbox (badness 10000) in paragraph at lines 48--49

 []


Underfull \hbox (badness 10000) in paragraph at lines 55--56

 []

[22]
Underfull \hbox (badness 10000) in paragraph at lines 64--65

 []

<<<<<<< HEAD
LaTeX Warning: There were undefined references.

Package atveryend Info: Empty hook `AtVeryVeryEnd' on input line 139.
 ) 
Here is how much of TeX's memory you used:
 9393 strings out of 493014
 143084 string characters out of 6133351
 237593 words of memory out of 5000000
 12681 multiletter control sequences out of 15000+600000
 28073 words of font info for 71 fonts, out of 8000000 for 9000
 1141 hyphenation exceptions out of 8191
 59i,9n,94p,633b,441s stack positions out of 5000i,500n,10000p,200000b,80000s
{/usr/local/texlive/2016/texmf-dist/fonts/enc/dvips/base/8r.enc}</usr/local/t
exlive/2016/texmf-dist/fonts/type1/public/amsfonts/cm/cmsy10.pfb></usr/local/te
xlive/2016/texmf-dist/fonts/type1/public/amsfonts/cm/cmtt10.pfb></usr/local/tex
live/2016/texmf-dist/fonts/type1/public/amsfonts/cm/cmtt12.pfb></usr/local/texl
ive/2016/texmf-dist/fonts/type1/urw/palatino/uplb8a.pfb></usr/local/texlive/201
6/texmf-dist/fonts/type1/urw/palatino/uplr8a.pfb></usr/local/texlive/2016/texmf
-dist/fonts/type1/urw/palatino/uplri8a.pfb>
Output written on DD.pdf (32 pages, 849727 bytes).
PDF statistics:
 408 PDF objects out of 1000 (max. 8388607)
 342 compressed objects within 4 object streams
 85 named destinations out of 1000 (max. 500000)
 320 words of extra memory for PDF output out of 10000 (max. 10000000)
=======

Underfull \hbox (badness 10000) in paragraph at lines 69--70

 []


Underfull \hbox (badness 10000) in paragraph at lines 75--76

 []


Underfull \hbox (badness 10000) in paragraph at lines 84--85

 []

Missing character: There is no ‚ in font pplr7t!
Missing character: There is no Ä in font pplr7t!
Missing character: There is no ô in font pplr7t!

Underfull \hbox (badness 10000) in paragraph at lines 89--90

 []


Underfull \hbox (badness 10000) in paragraph at lines 94--95

 []

[23]
Underfull \hbox (badness 10000) in paragraph at lines 102--103

 []


Underfull \hbox (badness 10000) in paragraph at lines 107--108

 []


Underfull \hbox (badness 10000) in paragraph at lines 112--113

 []


Underfull \hbox (badness 10000) in paragraph at lines 118--119

 []


Underfull \hbox (badness 10000) in paragraph at lines 123--124

 []

) [24] [25]
Package atveryend Info: Empty hook `BeforeClearDocument' on input line 162.
 [26]
Package atveryend Info: Empty hook `AfterLastShipout' on input line 162.
 (DD.aux)
Package atveryend Info: Executing hook `AtVeryEndDocument' on input line 162.
Package atveryend Info: Executing hook `AtEndAfterFileList' on input line 162.
Package rerunfilecheck Info: File `DD.out' has not changed.
(rerunfilecheck)             Checksum: 8EAB156CC44476F40B14E4D4E6045876;2352.
Package atveryend Info: Empty hook `AtVeryVeryEnd' on input line 162.
 ) 
Here is how much of TeX's memory you used:
 9475 strings out of 493334
 142739 string characters out of 3139249
 289479 words of memory out of 3000000
 12708 multiletter control sequences out of 15000+200000
 28002 words of font info for 70 fonts, out of 3000000 for 9000
 1141 hyphenation exceptions out of 8191
 59i,8n,94p,653b,1699s stack positions out of 5000i,500n,10000p,200000b,50000s
{C:/Program Files/MiKTeX 2.9/fonts/enc/dvips/fontname/8r.enc}<C:/Program File
s/MiKTeX 2.9/fonts/type1/public/amsfonts/cm/cmsy10.pfb><C:/Program Files/MiKTeX
 2.9/fonts/type1/public/amsfonts/cm/cmtt10.pfb><C:/Program Files/MiKTeX 2.9/fon
ts/type1/public/amsfonts/cm/cmtt12.pfb><C:/Program Files/MiKTeX 2.9/fonts/type1
/urw/palatino/uplb8a.pfb><C:/Program Files/MiKTeX 2.9/fonts/type1/urw/palatino/
uplr8a.pfb><C:/Program Files/MiKTeX 2.9/fonts/type1/urw/palatino/uplri8a.pfb>
Output written on DD.pdf (26 pages, 420066 bytes).
PDF statistics:
 432 PDF objects out of 1000 (max. 8388607)
 143 named destinations out of 1000 (max. 500000)
 288 words of extra memory for PDF output out of 10000 (max. 10000000)
>>>>>>> AlgorithmDesign

