\BOOKMARK [1][-]{section.1}{Introduction}{}% 1
\BOOKMARK [2][-]{subsection.1.1}{Purpose}{section.1}% 2
\BOOKMARK [2][-]{subsection.1.2}{System}{section.1}% 3
\BOOKMARK [2][-]{subsection.1.3}{Scope}{section.1}% 4
\BOOKMARK [3][-]{subsubsection.1.3.1}{Goals}{subsection.1.3}% 5
\BOOKMARK [3][-]{subsubsection.1.3.2}{Applications}{subsection.1.3}% 6
\BOOKMARK [2][-]{subsection.1.4}{Reference Documents}{section.1}% 7
\BOOKMARK [2][-]{subsection.1.5}{Glossary}{section.1}% 8
\BOOKMARK [3][-]{subsubsection.1.5.1}{Actors}{subsection.1.5}% 9
\BOOKMARK [3][-]{subsubsection.1.5.2}{Other definitions}{subsection.1.5}% 10
\BOOKMARK [2][-]{subsection.1.6}{Document overview}{section.1}% 11
\BOOKMARK [1][-]{section.2}{Overall Description}{}% 12
\BOOKMARK [2][-]{subsection.2.1}{Software overview}{section.2}% 13
\BOOKMARK [2][-]{subsection.2.2}{User characteristics}{section.2}% 14
\BOOKMARK [2][-]{subsection.2.3}{Domain assumptions}{section.2}% 15
\BOOKMARK [3][-]{subsubsection.2.3.1}{General Domain Assumptions}{subsection.2.3}% 16
\BOOKMARK [3][-]{subsubsection.2.3.2}{User Assumptions}{subsection.2.3}% 17
\BOOKMARK [3][-]{subsubsection.2.3.3}{Vehicle Assumptions}{subsection.2.3}% 18
\BOOKMARK [2][-]{subsection.2.4}{Constraints}{section.2}% 19
\BOOKMARK [3][-]{subsubsection.2.4.1}{Software Limitations}{subsection.2.4}% 20
\BOOKMARK [3][-]{subsubsection.2.4.2}{Hardware limitations}{subsection.2.4}% 21
\BOOKMARK [3][-]{subsubsection.2.4.3}{Concurrency}{subsection.2.4}% 22
\BOOKMARK [3][-]{subsubsection.2.4.4}{Regulatory Policies}{subsection.2.4}% 23
\BOOKMARK [2][-]{subsection.2.5}{Functional Requirements}{section.2}% 24
\BOOKMARK [2][-]{subsection.2.6}{Non functional Requirements -> qua o in paragrafo 3?}{section.2}% 25
\BOOKMARK [2][-]{subsection.2.7}{Future implementation}{section.2}% 26
\BOOKMARK [1][-]{section.3}{Specific Requirements}{}% 27
\BOOKMARK [2][-]{subsection.3.1}{External Interface Requirements}{section.3}% 28
\BOOKMARK [3][-]{subsubsection.3.1.1}{Mobile Application}{subsection.3.1}% 29
\BOOKMARK [3][-]{subsubsection.3.1.2}{Web Application}{subsection.3.1}% 30
\BOOKMARK [3][-]{subsubsection.3.1.3}{On-Board Application \(Touch\)}{subsection.3.1}% 31
\BOOKMARK [2][-]{subsection.3.2}{Scenarios}{section.3}% 32
